17:33:55.$55 [main] INFO  testCases.TC004_AddToCart - *** staring TC004 login testing ***
17:34:10.$10 [main] ERROR testCases.TC004_AddToCart - Test Failed
17:35:26.$26 [main] INFO  org.testng.internal.Utils - [TestNG] Running:
  C:\Users\codilar\eclipse-workspace\TGRFramework\master2.xml

17:35:41.$41 [main] INFO  testCases.TC004_AddToCart - Clicked Country Dropdown
17:35:42.$42 [main] INFO  testCases.TC004_AddToCart - Selected the Country
17:35:42.$42 [main] INFO  testCases.TC004_AddToCart - Clicked on the Checkbox
17:35:47.$47 [main] INFO  testCases.TC004_AddToCart - *** staring TC004 login testing ***
17:36:03.$03 [main] ERROR testCases.TC004_AddToCart - Test Failed
17:40:07.$07 [main] INFO  org.testng.internal.Utils - [TestNG] Running:
  C:\Users\codilar\eclipse-workspace\TGRFramework\master2.xml

17:40:22.$22 [main] INFO  testCases.TC004_AddToCart - Clicked Country Dropdown
17:40:22.$22 [main] INFO  testCases.TC004_AddToCart - Selected the Country
17:40:23.$23 [main] INFO  testCases.TC004_AddToCart - Clicked on the Checkbox
17:40:28.$28 [main] INFO  testCases.TC004_AddToCart - *** staring TC004 login testing ***
17:40:34.$34 [main] ERROR testCases.TC004_AddToCart - Test Failed
17:41:20.$20 [main] INFO  org.testng.internal.Utils - [TestNG] Running:
  C:\Users\codilar\eclipse-workspace\TGRFramework\master2.xml

17:41:35.$35 [main] INFO  testCases.TC004_AddToCart - Clicked Country Dropdown
17:41:36.$36 [main] INFO  testCases.TC004_AddToCart - Selected the Country
17:41:36.$36 [main] INFO  testCases.TC004_AddToCart - Clicked on the Checkbox
17:41:41.$41 [main] INFO  testCases.TC004_AddToCart - *** staring TC004 login testing ***
17:41:47.$47 [main] ERROR testCases.TC004_AddToCart - Test Failed
17:44:15.$15 [main] INFO  org.testng.internal.Utils - [TestNG] Running:
  C:\Users\codilar\eclipse-workspace\TGRFramework\master2.xml

17:44:30.$30 [main] INFO  testCases.TC004_AddToCart - Clicked Country Dropdown
17:44:30.$30 [main] INFO  testCases.TC004_AddToCart - Selected the Country
17:44:31.$31 [main] INFO  testCases.TC004_AddToCart - Clicked on the Checkbox
17:44:36.$36 [main] INFO  testCases.TC004_AddToCart - *** staring TC004 login testing ***
17:44:42.$42 [main] ERROR testCases.TC004_AddToCart - Test Failed
17:48:32.$32 [main] INFO  org.testng.internal.Utils - [TestNG] Running:
  C:\Users\codilar\eclipse-workspace\TGRFramework\master2.xml

17:48:48.$48 [main] INFO  testCases.TC004_AddToCart - Clicked Country Dropdown
17:48:48.$48 [main] INFO  testCases.TC004_AddToCart - Selected the Country
17:48:48.$48 [main] INFO  testCases.TC004_AddToCart - Clicked on the Checkbox
17:48:54.$54 [main] INFO  testCases.TC004_AddToCart - *** staring TC004 login testing ***
17:48:54.$54 [main] ERROR testCases.TC004_AddToCart - Test Failed
17:50:57.$57 [main] INFO  org.testng.internal.Utils - [TestNG] Running:
  C:\Users\codilar\eclipse-workspace\TGRFramework\master2.xml

17:51:13.$13 [main] INFO  testCases.TC004_AddToCart - Clicked Country Dropdown
17:51:14.$14 [main] INFO  testCases.TC004_AddToCart - Selected the Country
17:51:14.$14 [main] INFO  testCases.TC004_AddToCart - Clicked on the Checkbox
17:51:19.$19 [main] INFO  testCases.TC004_AddToCart - *** staring TC004 login testing ***
17:51:25.$25 [main] ERROR testCases.TC004_AddToCart - Test Failed
17:54:54.$54 [main] INFO  org.testng.internal.Utils - [TestNG] Running:
  C:\Users\codilar\eclipse-workspace\TGRFramework\master2.xml

17:55:11.$11 [main] INFO  testCases.TC004_AddToCart - Clicked Country Dropdown
17:55:11.$11 [main] INFO  testCases.TC004_AddToCart - Selected the Country
17:55:12.$12 [main] INFO  testCases.TC004_AddToCart - Clicked on the Checkbox
17:55:17.$17 [main] INFO  testCases.TC004_AddToCart - *** staring TC004 login testing ***
17:55:23.$23 [main] ERROR testCases.TC004_AddToCart - Test Failed
18:05:03.$03 [main] INFO  org.testng.internal.Utils - [TestNG] Running:
  C:\Users\codilar\eclipse-workspace\TGRFramework\master2.xml

18:05:19.$19 [main] INFO  testCases.TC004_AddToCart - Clicked Country Dropdown
18:05:20.$20 [main] INFO  testCases.TC004_AddToCart - Selected the Country
18:05:20.$20 [main] INFO  testCases.TC004_AddToCart - Clicked on the Checkbox
18:05:25.$25 [main] INFO  testCases.TC004_AddToCart - *** staring TC004 login testing ***
18:05:33.$33 [main] ERROR testCases.TC004_AddToCart - Test Failed
18:09:14.$14 [main] INFO  org.testng.internal.Utils - [TestNG] Running:
  C:\Users\codilar\eclipse-workspace\TGRFramework\master2.xml

18:09:30.$30 [main] INFO  testCases.TC004_AddToCart - Clicked Country Dropdown
18:09:30.$30 [main] INFO  testCases.TC004_AddToCart - Selected the Country
18:09:30.$30 [main] INFO  testCases.TC004_AddToCart - Clicked on the Checkbox
18:09:35.$35 [main] INFO  testCases.TC004_AddToCart - *** staring TC004 login testing ***
18:09:43.$43 [main] ERROR testCases.TC004_AddToCart - Test Failed
18:10:37.$37 [main] INFO  org.testng.internal.Utils - [TestNG] Running:
  C:\Users\codilar\eclipse-workspace\TGRFramework\master2.xml

