18:20:09.$09 [main] INFO  testCases.TC007_AddToCartPLPTest - Clicked on the Checkbox
21:22:28.$28 [main] INFO  org.testng.internal.Utils - [TestNG] Running:
  C:\Users\codilar\eclipse-workspace\TGRFramework\master2.xml

21:22:45.$45 [main] INFO  testCases.TC007_AddToCartPLPTest - Clicked Country Dropdown
21:22:46.$46 [main] INFO  testCases.TC007_AddToCartPLPTest - Selected the Country
21:22:46.$46 [main] INFO  testCases.TC007_AddToCartPLPTest - Clicked on the Checkbox
21:23:14.$14 [main] INFO  org.testng.internal.Utils - [TestNG] Running:
  C:\Users\codilar\eclipse-workspace\TGRFramework\master2.xml

21:23:30.$30 [main] INFO  testCases.TC007_AddToCartPLPTest - Clicked Country Dropdown
21:23:30.$30 [main] INFO  testCases.TC007_AddToCartPLPTest - Selected the Country
21:23:31.$31 [main] INFO  testCases.TC007_AddToCartPLPTest - Clicked on the Checkbox
21:24:51.$51 [main] INFO  org.testng.internal.Utils - [TestNG] Running:
  C:\Users\codilar\eclipse-workspace\TGRFramework\master2.xml

21:25:08.$08 [main] INFO  testCases.TC007_AddToCartPLPTest - Clicked Country Dropdown
21:25:08.$08 [main] INFO  testCases.TC007_AddToCartPLPTest - Selected the Country
21:25:08.$08 [main] INFO  testCases.TC007_AddToCartPLPTest - Clicked on the Checkbox
21:26:47.$47 [main] INFO  org.testng.internal.Utils - [TestNG] Running:
  C:\Users\codilar\eclipse-workspace\TGRFramework\master2.xml

21:27:06.$06 [main] INFO  testCases.TC007_AddToCartPLPTest - Clicked Country Dropdown
21:27:06.$06 [main] INFO  testCases.TC007_AddToCartPLPTest - Selected the Country
21:27:06.$06 [main] INFO  testCases.TC007_AddToCartPLPTest - Clicked on the Checkbox
21:28:52.$52 [main] INFO  org.testng.internal.Utils - [TestNG] Running:
  C:\Users\codilar\eclipse-workspace\TGRFramework\master2.xml

21:29:08.$08 [main] INFO  testCases.TC007_AddToCartPLPTest - Clicked Country Dropdown
21:29:09.$09 [main] INFO  testCases.TC007_AddToCartPLPTest - Selected the Country
21:29:09.$09 [main] INFO  testCases.TC007_AddToCartPLPTest - Clicked on the Checkbox
21:35:09.$09 [main] INFO  org.testng.internal.Utils - [TestNG] Running:
  C:\Users\codilar\eclipse-workspace\TGRFramework\master2.xml

21:35:25.$25 [main] INFO  testCases.TC007_AddToCartPLPTest - Clicked Country Dropdown
21:35:25.$25 [main] INFO  testCases.TC007_AddToCartPLPTest - Selected the Country
21:35:26.$26 [main] INFO  testCases.TC007_AddToCartPLPTest - Clicked on the Checkbox
21:42:05.$05 [main] INFO  org.testng.internal.Utils - [TestNG] Running:
  C:\Users\codilar\eclipse-workspace\TGRFramework\master2.xml

21:42:21.$21 [main] INFO  testCases.TC007_AddToCartPLPTest - Clicked Country Dropdown
21:42:22.$22 [main] INFO  testCases.TC007_AddToCartPLPTest - Selected the Country
21:42:22.$22 [main] INFO  testCases.TC007_AddToCartPLPTest - Clicked on the Checkbox
21:53:42.$42 [main] INFO  org.testng.internal.Utils - [TestNG] Running:
  C:\Users\codilar\eclipse-workspace\TGRFramework\master2.xml

21:54:00.$00 [main] INFO  testCases.TC007_AddToCartPLPTest - Clicked Country Dropdown
21:54:01.$01 [main] INFO  testCases.TC007_AddToCartPLPTest - Selected the Country
21:54:01.$01 [main] INFO  testCases.TC007_AddToCartPLPTest - Clicked on the Checkbox
21:57:29.$29 [main] INFO  org.testng.internal.Utils - [TestNG] Running:
  C:\Users\codilar\eclipse-workspace\TGRFramework\master2.xml

21:57:47.$47 [main] INFO  testCases.TC007_AddToCartPLPTest - Clicked Country Dropdown
21:57:47.$47 [main] INFO  testCases.TC007_AddToCartPLPTest - Selected the Country
21:57:47.$47 [main] INFO  testCases.TC007_AddToCartPLPTest - Clicked on the Checkbox
22:02:53.$53 [main] INFO  org.testng.internal.Utils - [TestNG] Running:
  C:\Users\codilar\eclipse-workspace\TGRFramework\master2.xml

22:03:08.$08 [main] INFO  testCases.TC007_AddToCartPLPTest - Clicked Country Dropdown
22:03:09.$09 [main] INFO  testCases.TC007_AddToCartPLPTest - Selected the Country
22:03:09.$09 [main] INFO  testCases.TC007_AddToCartPLPTest - Clicked on the Checkbox
22:09:06.$06 [main] INFO  org.testng.internal.Utils - [TestNG] Running:
  C:\Users\codilar\eclipse-workspace\TGRFramework\master2.xml

22:09:21.$21 [main] INFO  testCases.TC007_AddToCartPLPTest - Clicked Country Dropdown
22:09:21.$21 [main] INFO  testCases.TC007_AddToCartPLPTest - Selected the Country
22:09:22.$22 [main] INFO  testCases.TC007_AddToCartPLPTest - Clicked on the Checkbox
22:13:21.$21 [main] INFO  org.testng.internal.Utils - [TestNG] Running:
  C:\Users\codilar\eclipse-workspace\TGRFramework\master2.xml

22:13:37.$37 [main] INFO  testCases.TC007_AddToCartPLPTest - Clicked Country Dropdown
22:13:38.$38 [main] INFO  testCases.TC007_AddToCartPLPTest - Selected the Country
22:13:38.$38 [main] INFO  testCases.TC007_AddToCartPLPTest - Clicked on the Checkbox
22:17:13.$13 [main] INFO  org.testng.internal.Utils - [TestNG] Running:
  C:\Users\codilar\eclipse-workspace\TGRFramework\master2.xml

22:17:30.$30 [main] INFO  testCases.TC007_AddToCartPLPTest - Clicked Country Dropdown
