17:52:25.$25 [main] INFO  testCases.TC001_AccountRegistrationTest - *** finished TC004 PLP Add To Cart testing ***
17:52:25.$25 [main] INFO  testCases.TC001_AccountRegistrationTest - *** staring TC004 PDP Add To Cart testing ***
17:53:11.$11 [main] INFO  testCases.TC001_AccountRegistrationTest - *** finished TC004 PDP Add To Cart testing ***
17:53:13.$13 [main] INFO  testCases.TC001_AccountRegistrationTest - *** staring TC004 PDP Add To Cart testing ***
17:54:05.$05 [main] INFO  testCases.TC001_AccountRegistrationTest - *** finished TC004 PDP Add To Cart testing ***
17:54:05.$05 [main] INFO  testCases.TC001_AccountRegistrationTest - *** staring TC009 Add To Wishlist From Minicart testing ***
17:54:07.$07 [main] INFO  testCases.TC001_AccountRegistrationTest - *** finished TC009 Add To Wishlist From Minicart testing ***
17:54:07.$07 [main] INFO  testCases.TC001_AccountRegistrationTest - *** staring TC009 Remove From The Wislist From Minicart testing ***
17:54:11.$11 [main] INFO  testCases.TC001_AccountRegistrationTest - *** finished TC009 Remove From The Wislist From Minicart testing ***
17:54:11.$11 [main] INFO  testCases.TC001_AccountRegistrationTest - *** staring TC009 Increase Product Quantity In Minicart testing ***
17:54:28.$28 [main] INFO  testCases.TC001_AccountRegistrationTest - *** finished TC009 Increase Product Quantity In Minicart testing ***
17:54:28.$28 [main] INFO  testCases.TC001_AccountRegistrationTest - *** staring TC009 Decrease Product Quantity In Minicart testing ***
17:54:42.$42 [main] INFO  testCases.TC001_AccountRegistrationTest - *** finished TC009 Decrease Product Quantity In Minicart testing ***
17:54:42.$42 [main] INFO  testCases.TC001_AccountRegistrationTest - *** staring TC009 Apply Coupon Code In Mini Cart testing ***
17:54:45.$45 [main] INFO  testCases.TC001_AccountRegistrationTest - *** finished TC009 Apply Coupon Code In Mini Carttesting ***
17:54:45.$45 [main] INFO  testCases.TC001_AccountRegistrationTest - *** staring TC009 Remove Coupon Code In Mini Cart testing ***
17:54:46.$46 [main] INFO  testCases.TC001_AccountRegistrationTest - *** finished TC009 Apply Coupon Code In Mini Carttesting ***
17:54:46.$46 [main] INFO  testCases.TC001_AccountRegistrationTest - *** staring TC009 Remove Coupon Code In Mini Cart testing ***
17:54:49.$49 [main] INFO  testCases.TC001_AccountRegistrationTest - *** finished TC009 Apply Coupon Code In Mini Carttesting ***
17:54:49.$49 [main] INFO  testCases.TC001_AccountRegistrationTest - *** staring TC006 Add Free Bee testing ***
17:55:51.$51 [main] INFO  testCases.TC001_AccountRegistrationTest - *** finished TC006 Add Free Bee testing ***
17:55:51.$51 [main] INFO  testCases.TC001_AccountRegistrationTest - *** staring TC006 Remove Free Bee testing ***
17:56:04.$04 [main] INFO  testCases.TC001_AccountRegistrationTest - *** finished TC006 Remove Free Bee testing ***
17:56:04.$04 [main] INFO  testCases.TC001_AccountRegistrationTest - *** staring TC006 Add To Wishlist From Cart Page testing ***
17:56:10.$10 [main] INFO  testCases.TC001_AccountRegistrationTest - *** finished Add To Wishlist From Cart Page testing ***
17:56:10.$10 [main] INFO  testCases.TC001_AccountRegistrationTest - *** staring TC006 Remove From The Wislist From Cart Page testing ***
17:56:14.$14 [main] INFO  testCases.TC001_AccountRegistrationTest - *** finished TC006 Remove From The Wislist From Cart Page testing ***
17:56:14.$14 [main] INFO  testCases.TC001_AccountRegistrationTest - *** staring TC006 Increase Product Quantity In Cart Page testing ***
17:56:32.$32 [main] INFO  testCases.TC001_AccountRegistrationTest - *** finished TC006 Increase Product Quantity In Cart Page testing ***
17:56:32.$32 [main] INFO  testCases.TC001_AccountRegistrationTest - *** staring TC006 Decrease Product Quantity In Cart Page testing ***
17:56:47.$47 [main] INFO  testCases.TC001_AccountRegistrationTest - *** finished TC009 Decrease Product Quantity In Cart Page testing ***
17:56:47.$47 [main] INFO  testCases.TC001_AccountRegistrationTest - *** staring TC006 Apply Coupon Code In Cart Page testing ***
17:56:53.$53 [main] INFO  testCases.TC001_AccountRegistrationTest - *** finished TC006 Apply Coupon Code In Cart Page testing ***
17:56:53.$53 [main] INFO  testCases.TC001_AccountRegistrationTest - *** staring TC006 Remove Coupon Code In Cart Page testing ***
17:56:54.$54 [main] INFO  testCases.TC001_AccountRegistrationTest - *** finished TC006 Remove Coupon Code In Cart Page Carttesting ***
17:56:54.$54 [main] INFO  testCases.TC001_AccountRegistrationTest - *** staring TC006 Remove Product From Cart testing ***
17:56:59.$59 [main] INFO  testCases.TC001_AccountRegistrationTest - *** finished TC006 Remove Product From Cart testing ***
17:56:59.$59 [main] INFO  testCases.TC001_AccountRegistrationTest - *** staring TC010 Apply Loyalty Points For Cart testing ***
17:58:14.$14 [main] INFO  testCases.TC001_AccountRegistrationTest - *** finished TC010 Apply Loyalty Points For Cart testing ***
