15:08:35.$35 [main] INFO  testCases.TC001_AccountRegistrationTest - *** staring TC011 orderPlacing testing ***
15:10:08.$08 [main] ERROR testCases.TC001_AccountRegistrationTest - Test Failed
15:10:08.$08 [main] INFO  testCases.TC001_AccountRegistrationTest - *** staring TC011 orderPlacing testing ***
15:10:08.$08 [main] ERROR testCases.TC001_AccountRegistrationTest - Test Failed
15:10:08.$08 [main] INFO  testCases.TC001_AccountRegistrationTest - *** staring TC011 orderPlacing testing ***
15:10:08.$08 [main] ERROR testCases.TC001_AccountRegistrationTest - Test Failed
15:10:09.$09 [main] INFO  testCases.TC001_AccountRegistrationTest - *** staring TC011 orderPlacing testing ***
15:10:09.$09 [main] ERROR testCases.TC001_AccountRegistrationTest - Test Failed
15:10:09.$09 [main] INFO  testCases.TC001_AccountRegistrationTest - *** staring TC011 orderPlacing testing ***
15:10:09.$09 [main] ERROR testCases.TC001_AccountRegistrationTest - Test Failed
15:10:09.$09 [main] INFO  testCases.TC001_AccountRegistrationTest - *** staring TC011 orderPlacing testing ***
15:10:09.$09 [main] ERROR testCases.TC001_AccountRegistrationTest - Test Failed
15:12:30.$30 [main] INFO  org.testng.internal.Utils - [TestNG] Running:
  C:\Users\codilar\eclipse-workspace\TGRFramework\master3.xml

15:12:43.$43 [main] INFO  testCases.TC001_AccountRegistrationTest - Clicked Country Dropdown
15:12:44.$44 [main] INFO  testCases.TC001_AccountRegistrationTest - Selected the Country
15:12:44.$44 [main] INFO  testCases.TC001_AccountRegistrationTest - Clicked on the Checkbox
15:12:49.$49 [main] INFO  testCases.TC001_AccountRegistrationTest - ***** Starting TC001_AccountRegistrationTest ******
15:12:50.$50 [main] INFO  testCases.TC001_AccountRegistrationTest - Clicked on My account button
15:12:50.$50 [main] INFO  testCases.TC001_AccountRegistrationTest - Providing customer details
15:12:52.$52 [main] INFO  testCases.TC001_AccountRegistrationTest - Validating expected message
15:12:55.$55 [main] INFO  testCases.TC001_AccountRegistrationTest - ***** Finished TC001_AccountRegistrationTest ******
15:12:55.$55 [main] INFO  testCases.TC001_AccountRegistrationTest - *** staring TC002 login testing ***
15:12:58.$58 [main] INFO  testCases.TC001_AccountRegistrationTest - Setting Login Details
15:13:05.$05 [main] INFO  testCases.TC001_AccountRegistrationTest - *** finished TC002 login testing ***
15:13:05.$05 [main] INFO  testCases.TC001_AccountRegistrationTest - *** staring TC007 PLP Add To Cart testing ***
15:13:39.$39 [main] INFO  testCases.TC001_AccountRegistrationTest - *** finished TC004 PLP Add To Cart testing ***
15:13:39.$39 [main] INFO  testCases.TC001_AccountRegistrationTest - *** staring TC004 PDP Add To Cart testing ***
15:14:25.$25 [main] INFO  testCases.TC001_AccountRegistrationTest - *** finished TC004 PDP Add To Cart testing ***
15:14:28.$28 [main] INFO  testCases.TC001_AccountRegistrationTest - *** staring TC004 PDP Add To Cart testing ***
15:15:19.$19 [main] INFO  testCases.TC001_AccountRegistrationTest - *** finished TC004 PDP Add To Cart testing ***
15:15:19.$19 [main] INFO  testCases.TC001_AccountRegistrationTest - *** staring TC009 Add To Wishlist From Minicart testing ***
15:15:22.$22 [main] INFO  testCases.TC001_AccountRegistrationTest - *** finished TC009 Add To Wishlist From Minicart testing ***
15:15:22.$22 [main] INFO  testCases.TC001_AccountRegistrationTest - *** staring TC009 Remove From The Wislist From Minicart testing ***
15:15:25.$25 [main] INFO  testCases.TC001_AccountRegistrationTest - *** finished TC009 Remove From The Wislist From Minicart testing ***
15:15:25.$25 [main] INFO  testCases.TC001_AccountRegistrationTest - *** staring TC009 Increase Product Quantity In Minicart testing ***
15:15:43.$43 [main] INFO  testCases.TC001_AccountRegistrationTest - *** finished TC009 Increase Product Quantity In Minicart testing ***
15:15:43.$43 [main] INFO  testCases.TC001_AccountRegistrationTest - *** staring TC009 Decrease Product Quantity In Minicart testing ***
15:15:56.$56 [main] INFO  testCases.TC001_AccountRegistrationTest - *** finished TC009 Decrease Product Quantity In Minicart testing ***
15:15:56.$56 [main] INFO  testCases.TC001_AccountRegistrationTest - *** staring TC009 Apply Coupon Code In Mini Cart testing ***
15:16:00.$00 [main] INFO  testCases.TC001_AccountRegistrationTest - *** finished TC009 Apply Coupon Code In Mini Carttesting ***
15:16:00.$00 [main] INFO  testCases.TC001_AccountRegistrationTest - *** staring TC009 Remove Coupon Code In Mini Cart testing ***
15:16:02.$02 [main] INFO  testCases.TC001_AccountRegistrationTest - *** finished TC009 Apply Coupon Code In Mini Carttesting ***
15:16:02.$02 [main] INFO  testCases.TC001_AccountRegistrationTest - *** staring TC009 Remove Coupon Code In Mini Cart testing ***
15:16:05.$05 [main] INFO  testCases.TC001_AccountRegistrationTest - *** finished TC009 Apply Coupon Code In Mini Carttesting ***
15:16:05.$05 [main] INFO  testCases.TC001_AccountRegistrationTest - *** staring TC006 Add Free Bee testing ***
