17:30:40.$40 [main] INFO  testCases.TC002_LoginPageTest - Clicked Country Dropdown
17:30:40.$40 [main] INFO  testCases.TC002_LoginPageTest - Selected the Country
17:30:40.$40 [main] INFO  testCases.TC002_LoginPageTest - Clicked on the Checkbox
17:30:46.$46 [main] INFO  testCases.TC002_LoginPageTest - *** staring TC002 login testing ***
17:30:49.$49 [main] INFO  testCases.TC002_LoginPageTest - Setting Login Details
17:30:55.$55 [main] INFO  testCases.TC002_LoginPageTest - *** finished TC002 login testing ***
17:30:55.$55 [main] INFO  testCases.TC002_LoginPageTest - *** staring TC004 PDP Add To Cart testing ***
17:46:23.$23 [main] INFO  org.testng.internal.Utils - [TestNG] Running:
  C:\Users\codilar\eclipse-workspace\TGRFramework\master2.xml

17:46:37.$37 [main] INFO  testCases.TC002_LoginPageTest - Clicked Country Dropdown
17:46:37.$37 [main] INFO  testCases.TC002_LoginPageTest - Selected the Country
17:46:37.$37 [main] INFO  testCases.TC002_LoginPageTest - Clicked on the Checkbox
17:46:44.$44 [main] INFO  testCases.TC002_LoginPageTest - *** staring TC002 login testing ***
17:46:47.$47 [main] INFO  testCases.TC002_LoginPageTest - Setting Login Details
17:46:52.$52 [main] INFO  testCases.TC002_LoginPageTest - *** finished TC002 login testing ***
17:46:52.$52 [main] INFO  testCases.TC002_LoginPageTest - *** staring TC004 PDP Add To Cart testing ***
17:47:44.$44 [main] INFO  testCases.TC002_LoginPageTest - *** finished TC004 PDP Add To Cart testing ***
17:49:42.$42 [main] INFO  org.testng.internal.Utils - [TestNG] Running:
  C:\Users\codilar\eclipse-workspace\TGRFramework\master2.xml

17:49:55.$55 [main] INFO  testCases.TC001_AccountRegistrationTest - Clicked Country Dropdown
17:49:55.$55 [main] INFO  testCases.TC001_AccountRegistrationTest - Selected the Country
17:49:55.$55 [main] INFO  testCases.TC001_AccountRegistrationTest - Clicked on the Checkbox
17:50:01.$01 [main] INFO  testCases.TC001_AccountRegistrationTest - ***** Starting TC001_AccountRegistrationTest ******
17:50:02.$02 [main] INFO  testCases.TC001_AccountRegistrationTest - Clicked on My account button
17:50:02.$02 [main] INFO  testCases.TC001_AccountRegistrationTest - Providing customer details
17:50:04.$04 [main] INFO  testCases.TC001_AccountRegistrationTest - Validating expected message
17:50:11.$11 [main] INFO  testCases.TC001_AccountRegistrationTest - ***** Finished TC001_AccountRegistrationTest ******
17:50:11.$11 [main] INFO  testCases.TC001_AccountRegistrationTest - *** staring TC002 login testing ***
17:50:15.$15 [main] INFO  testCases.TC001_AccountRegistrationTest - Setting Login Details
17:50:20.$20 [main] INFO  testCases.TC001_AccountRegistrationTest - *** finished TC002 login testing ***
17:50:20.$20 [main] INFO  testCases.TC001_AccountRegistrationTest - *** staring TC007 PLP Add To Cart testing ***
17:50:55.$55 [main] INFO  testCases.TC001_AccountRegistrationTest - *** finished TC004 PLP Add To Cart testing ***
17:50:55.$55 [main] INFO  testCases.TC001_AccountRegistrationTest - *** staring TC004 PDP Add To Cart testing ***
17:51:41.$41 [main] INFO  testCases.TC001_AccountRegistrationTest - *** finished TC004 PDP Add To Cart testing ***
17:51:43.$43 [main] INFO  testCases.TC001_AccountRegistrationTest - *** staring TC004 PDP Add To Cart testing ***
17:52:35.$35 [main] INFO  testCases.TC001_AccountRegistrationTest - *** finished TC004 PDP Add To Cart testing ***
17:52:35.$35 [main] INFO  testCases.TC001_AccountRegistrationTest - *** staring TC009 Add To Wishlist From Minicart testing ***
17:52:37.$37 [main] INFO  testCases.TC001_AccountRegistrationTest - *** finished TC009 Add To Wishlist From Minicart testing ***
17:52:37.$37 [main] INFO  testCases.TC001_AccountRegistrationTest - *** staring TC009 Remove From The Wislist From Minicart testing ***
17:52:40.$40 [main] INFO  testCases.TC001_AccountRegistrationTest - *** finished TC009 Remove From The Wislist From Minicart testing ***
17:52:40.$40 [main] INFO  testCases.TC001_AccountRegistrationTest - *** staring TC009 Increase Product Quantity In Minicart testing ***
17:52:58.$58 [main] INFO  testCases.TC001_AccountRegistrationTest - *** finished TC009 Increase Product Quantity In Minicart testing ***
17:52:58.$58 [main] INFO  testCases.TC001_AccountRegistrationTest - *** staring TC009 Decrease Product Quantity In Minicart testing ***
17:53:11.$11 [main] INFO  testCases.TC001_AccountRegistrationTest - *** finished TC009 Decrease Product Quantity In Minicart testing ***
17:53:11.$11 [main] INFO  testCases.TC001_AccountRegistrationTest - *** staring TC009 Apply Coupon Code In Mini Cart testing ***
17:53:14.$14 [main] INFO  testCases.TC001_AccountRegistrationTest - *** finished TC009 Apply Coupon Code In Mini Carttesting ***
17:53:14.$14 [main] INFO  testCases.TC001_AccountRegistrationTest - *** staring TC009 Remove Coupon Code In Mini Cart testing ***
17:53:16.$16 [main] INFO  testCases.TC001_AccountRegistrationTest - *** finished TC009 Apply Coupon Code In Mini Carttesting ***
