15:25:24.$24 [main] INFO  testCases.TC003_LoginPageTestDDT - *** finished TC003 login testing DDT ***
15:25:24.$24 [main] INFO  testCases.TC003_LoginPageTestDDT - *** staring TC003 login testing DDT***
15:25:24.$24 [main] INFO  testCases.TC003_LoginPageTestDDT - Setting Login Details
15:25:32.$32 [main] INFO  testCases.TC003_LoginPageTestDDT - *** finished TC003 login testing DDT ***
15:25:32.$32 [main] INFO  testCases.TC003_LoginPageTestDDT - *** staring TC003 login testing DDT***
15:25:32.$32 [main] INFO  testCases.TC003_LoginPageTestDDT - Setting Login Details
15:25:39.$39 [main] INFO  testCases.TC003_LoginPageTestDDT - *** finished TC003 login testing DDT ***
15:25:40.$40 [main] INFO  testCases.TC003_LoginPageTestDDT - *** staring TC003 login testing DDT***
15:25:40.$40 [main] INFO  testCases.TC003_LoginPageTestDDT - Setting Login Details
15:25:47.$47 [main] INFO  testCases.TC003_LoginPageTestDDT - *** finished TC003 login testing DDT ***
15:25:47.$47 [main] INFO  testCases.TC003_LoginPageTestDDT - *** staring TC003 login testing DDT***
15:25:48.$48 [main] INFO  testCases.TC003_LoginPageTestDDT - Setting Login Details
15:25:55.$55 [main] INFO  testCases.TC003_LoginPageTestDDT - *** finished TC003 login testing DDT ***
15:25:55.$55 [main] INFO  testCases.TC003_LoginPageTestDDT - *** staring TC003 login testing DDT***
15:25:56.$56 [main] INFO  testCases.TC003_LoginPageTestDDT - Setting Login Details
15:26:06.$06 [main] INFO  testCases.TC003_LoginPageTestDDT - *** finished TC003 login testing DDT ***
15:26:06.$06 [main] INFO  testCases.TC003_LoginPageTestDDT - *** staring TC003 login testing DDT***
15:26:06.$06 [main] INFO  testCases.TC003_LoginPageTestDDT - Setting Login Details
15:27:22.$22 [main] INFO  testCases.TC003_LoginPageTestDDT - Clicked Country Dropdown
15:27:22.$22 [main] INFO  testCases.TC003_LoginPageTestDDT - Selected the Country
15:27:22.$22 [main] INFO  testCases.TC003_LoginPageTestDDT - Clicked on the Checkbox
15:27:31.$31 [main] INFO  testCases.TC003_LoginPageTestDDT - *** staring TC003 login testing DDT***
15:27:31.$31 [main] INFO  testCases.TC003_LoginPageTestDDT - Setting Login Details
15:27:39.$39 [main] INFO  testCases.TC003_LoginPageTestDDT - *** finished TC003 login testing DDT ***
15:27:39.$39 [main] INFO  testCases.TC003_LoginPageTestDDT - *** staring TC003 login testing DDT***
15:27:39.$39 [main] INFO  testCases.TC003_LoginPageTestDDT - Setting Login Details
15:27:47.$47 [main] INFO  testCases.TC003_LoginPageTestDDT - *** finished TC003 login testing DDT ***
15:27:47.$47 [main] INFO  testCases.TC003_LoginPageTestDDT - *** staring TC003 login testing DDT***
15:27:47.$47 [main] INFO  testCases.TC003_LoginPageTestDDT - Setting Login Details
15:27:55.$55 [main] INFO  testCases.TC003_LoginPageTestDDT - *** finished TC003 login testing DDT ***
15:27:55.$55 [main] INFO  testCases.TC003_LoginPageTestDDT - *** staring TC003 login testing DDT***
15:27:55.$55 [main] INFO  testCases.TC003_LoginPageTestDDT - Setting Login Details
15:28:02.$02 [main] INFO  testCases.TC003_LoginPageTestDDT - *** finished TC003 login testing DDT ***
15:28:02.$02 [main] INFO  testCases.TC003_LoginPageTestDDT - *** staring TC003 login testing DDT***
15:28:03.$03 [main] INFO  testCases.TC003_LoginPageTestDDT - Setting Login Details
15:28:11.$11 [main] INFO  testCases.TC003_LoginPageTestDDT - *** finished TC003 login testing DDT ***
15:28:11.$11 [main] INFO  testCases.TC003_LoginPageTestDDT - *** staring TC003 login testing DDT***
15:28:11.$11 [main] INFO  testCases.TC003_LoginPageTestDDT - Setting Login Details
15:29:58.$58 [main] INFO  testCases.TC003_LoginPageTestDDT - Clicked Country Dropdown
15:29:58.$58 [main] INFO  testCases.TC003_LoginPageTestDDT - Selected the Country
15:29:59.$59 [main] INFO  testCases.TC003_LoginPageTestDDT - Clicked on the Checkbox
15:30:08.$08 [main] INFO  testCases.TC003_LoginPageTestDDT - *** staring TC003 login testing DDT***
15:30:08.$08 [main] INFO  testCases.TC003_LoginPageTestDDT - Setting Login Details
15:30:16.$16 [main] INFO  testCases.TC003_LoginPageTestDDT - *** finished TC003 login testing DDT ***
15:30:16.$16 [main] INFO  testCases.TC003_LoginPageTestDDT - *** staring TC003 login testing DDT***
15:30:16.$16 [main] INFO  testCases.TC003_LoginPageTestDDT - Setting Login Details
15:30:24.$24 [main] INFO  testCases.TC003_LoginPageTestDDT - *** finished TC003 login testing DDT ***
15:30:24.$24 [main] INFO  testCases.TC003_LoginPageTestDDT - *** staring TC003 login testing DDT***
15:30:24.$24 [main] INFO  testCases.TC003_LoginPageTestDDT - Setting Login Details
15:30:32.$32 [main] INFO  testCases.TC003_LoginPageTestDDT - *** finished TC003 login testing DDT ***
15:30:32.$32 [main] INFO  testCases.TC003_LoginPageTestDDT - *** staring TC003 login testing DDT***
15:30:32.$32 [main] INFO  testCases.TC003_LoginPageTestDDT - Setting Login Details
15:30:40.$40 [main] INFO  testCases.TC003_LoginPageTestDDT - *** finished TC003 login testing DDT ***
