17:52:16.$16 [main] INFO  testCases.TC003_LoginPageTestDDT - Setting Login Details
17:52:23.$23 [main] INFO  testCases.TC003_LoginPageTestDDT - *** finished TC003 login testing DDT ***
17:52:23.$23 [main] INFO  testCases.TC003_LoginPageTestDDT - *** staring TC003 login testing DDT***
17:52:24.$24 [main] INFO  testCases.TC003_LoginPageTestDDT - Setting Login Details
17:52:31.$31 [main] INFO  testCases.TC003_LoginPageTestDDT - *** finished TC003 login testing DDT ***
17:52:31.$31 [main] INFO  testCases.TC003_LoginPageTestDDT - *** staring TC003 login testing DDT***
17:52:31.$31 [main] INFO  testCases.TC003_LoginPageTestDDT - Setting Login Details
17:52:39.$39 [main] INFO  testCases.TC003_LoginPageTestDDT - *** finished TC003 login testing DDT ***
17:52:39.$39 [main] INFO  testCases.TC003_LoginPageTestDDT - *** staring TC003 login testing DDT***
17:52:39.$39 [main] INFO  testCases.TC003_LoginPageTestDDT - Setting Login Details
17:52:47.$47 [main] INFO  testCases.TC003_LoginPageTestDDT - *** finished TC003 login testing DDT ***
17:52:47.$47 [main] INFO  testCases.TC003_LoginPageTestDDT - *** staring TC003 login testing DDT***
17:52:47.$47 [main] INFO  testCases.TC003_LoginPageTestDDT - Setting Login Details
17:52:55.$55 [main] INFO  testCases.TC003_LoginPageTestDDT - *** finished TC003 login testing DDT ***
17:52:55.$55 [main] INFO  testCases.TC003_LoginPageTestDDT - *** staring TC003 login testing DDT***
17:52:55.$55 [main] INFO  testCases.TC003_LoginPageTestDDT - Setting Login Details
17:53:04.$04 [main] INFO  testCases.TC003_LoginPageTestDDT - *** finished TC003 login testing DDT ***
18:01:44.$44 [main] INFO  testCases.TC002_LoginPageTest - Clicked Country Dropdown
18:01:44.$44 [main] INFO  testCases.TC002_LoginPageTest - Selected the Country
18:01:44.$44 [main] INFO  testCases.TC002_LoginPageTest - Clicked on the Checkbox
18:01:50.$50 [main] INFO  testCases.TC002_LoginPageTest - *** staring TC002 login testing ***
18:01:50.$50 [main] INFO  testCases.TC002_LoginPageTest - Setting Login Details
18:04:00.$00 [main] INFO  testCases.TC002_LoginPageTest - Clicked Country Dropdown
18:04:00.$00 [main] INFO  testCases.TC002_LoginPageTest - Selected the Country
18:04:00.$00 [main] INFO  testCases.TC002_LoginPageTest - Clicked on the Checkbox
18:04:05.$05 [main] INFO  testCases.TC002_LoginPageTest - *** staring TC002 login testing ***
18:04:06.$06 [main] INFO  testCases.TC002_LoginPageTest - Setting Login Details
18:04:12.$12 [main] INFO  testCases.TC002_LoginPageTest - *** finished TC002 login testing ***
18:13:08.$08 [main] INFO  testCases.TC002_LoginPageTest - Clicked Country Dropdown
18:13:08.$08 [main] INFO  testCases.TC002_LoginPageTest - Selected the Country
18:13:08.$08 [main] INFO  testCases.TC002_LoginPageTest - Clicked on the Checkbox
18:13:13.$13 [main] INFO  testCases.TC002_LoginPageTest - *** staring TC002 login testing ***
18:13:14.$14 [main] INFO  testCases.TC002_LoginPageTest - Setting Login Details
18:13:19.$19 [main] INFO  testCases.TC002_LoginPageTest - *** finished TC002 login testing ***
18:14:30.$30 [main] INFO  testCases.TC002_LoginPageTest - Clicked Country Dropdown
18:14:30.$30 [main] INFO  testCases.TC002_LoginPageTest - Selected the Country
18:14:30.$30 [main] INFO  testCases.TC002_LoginPageTest - Clicked on the Checkbox
18:14:36.$36 [main] INFO  testCases.TC002_LoginPageTest - *** staring TC002 login testing ***
18:14:36.$36 [main] INFO  testCases.TC002_LoginPageTest - Setting Login Details
18:14:41.$41 [main] INFO  testCases.TC002_LoginPageTest - *** finished TC002 login testing ***
18:21:14.$14 [TestNG-tests-1] INFO  testCases.TC002_LoginPageTest - Clicked Country Dropdown
18:21:21.$21 [TestNG-tests-2] INFO  testCases.TC002_LoginPageTest - Clicked Country Dropdown
18:21:21.$21 [TestNG-tests-2] INFO  testCases.TC002_LoginPageTest - Selected the Country
18:21:22.$22 [TestNG-tests-2] INFO  testCases.TC002_LoginPageTest - Clicked on the Checkbox
18:21:27.$27 [TestNG-tests-2] INFO  testCases.TC002_LoginPageTest - *** staring TC002 login testing ***
18:21:27.$27 [TestNG-tests-2] INFO  testCases.TC002_LoginPageTest - Setting Login Details
18:21:33.$33 [TestNG-tests-2] INFO  testCases.TC002_LoginPageTest - *** finished TC002 login testing ***
18:22:25.$25 [TestNG-tests-2] INFO  testCases.TC002_LoginPageTest - Clicked Country Dropdown
18:22:25.$25 [TestNG-tests-1] INFO  testCases.TC002_LoginPageTest - Clicked Country Dropdown
18:29:00.$00 [TestNG-tests-2] INFO  testCases.TC002_LoginPageTest - Clicked Country Dropdown
18:29:01.$01 [TestNG-tests-1] INFO  testCases.TC002_LoginPageTest - Clicked Country Dropdown
18:33:17.$17 [main] INFO  testCases.TC002_LoginPageTest - Clicked Country Dropdown
18:33:17.$17 [main] INFO  testCases.TC002_LoginPageTest - Selected the Country
18:33:18.$18 [main] INFO  testCases.TC002_LoginPageTest - Clicked on the Checkbox
18:33:23.$23 [main] INFO  testCases.TC002_LoginPageTest - *** staring TC002 login testing ***
18:33:24.$24 [main] INFO  testCases.TC002_LoginPageTest - Setting Login Details
